Printing Modifier Definitions:
Tag: build_cost, Categories: country
Tag: build_time, Categories: country
Tag: minimum_unrest, Categories: province
Tag: local_unrest, Categories: province
Tag: global_unrest, Categories: country
Tag: tax_income, Categories: province
Tag: global_tax_income, Categories: province
Tag: local_tax_modifier, Categories: province
Tag: global_tax_modifier, Categories: country
Tag: local_population_growth, Categories: province
Tag: global_population_growth, Categories: country
Tag: local_population_capacity, Categories: province
Tag: local_population_capacity_modifier, Categories: province
Tag: global_population_capacity_modifier, Categories: country
Tag: total_population_capacity_modifier, Categories: province
Tag: local_building_slot, Categories: province
Tag: global_building_slot, Categories: country
Tag: global_monthly_state_loyalty, Categories: country
Tag: local_monthly_state_loyalty, Categories: state
Tag: city_monthly_state_loyalty, Categories: province
Tag: happiness_for_wrong_culture_modifier, Categories: province
Tag: happiness_for_wrong_culture_group_modifier, Categories: province
Tag: happiness_for_same_culture_modifier, Categories: province
Tag: local_happiness_for_same_culture_modifier, Categories: province
Tag: happiness_for_same_religion_modifier, Categories: province
Tag: local_happiness_for_same_religion_modifier, Categories: province
Tag: land_morale, Categories: country
Tag: naval_morale, Categories: country
Tag: land_morale_modifier, Categories: country
Tag: naval_morale_modifier, Categories: country
Tag: non_retinue_morale_modifier, Categories: country
Tag: local_manpower, Categories: province
Tag: global_manpower, Categories: country
Tag: local_manpower_modifier, Categories: province
Tag: global_manpower_modifier, Categories: country
Tag: manpower_recovery_speed, Categories: country
Tag: attrition, Categories: province
Tag: land_unit_attrition, Categories: country
Tag: naval_unit_attrition, Categories: country
Tag: army_weight_modifier, Categories: country
Tag: navy_weight_modifier, Categories: country
Tag: max_attrition, Categories: province
Tag: supply_limit, Categories: province
Tag: supply_limit_modifier, Categories: province
Tag: global_supply_limit_modifier, Categories: country
Tag: war_exhaustion, Categories: country
Tag: max_war_exhaustion, Categories: country
Tag: fort_level, Categories: province
Tag: blockade_efficiency, Categories: country
Tag: monthly_centralization, Categories: country
Tag: monthly_legitimacy, Categories: country
Tag: agressive_expansion_impact, Categories: country
Tag: agressive_expansion_monthly_change, Categories: country
Tag: agressive_expansion_monthly_decay, Categories: country
Tag: local_ship_recruit_speed, Categories: province
Tag: local_cohort_recruit_speed, Categories: province
Tag: global_ship_recruit_speed, Categories: country
Tag: global_cohort_recruit_speed, Categories: country
Tag: garrison_size, Categories: province
Tag: garrison_growth, Categories: province
Tag: technology_investment, Categories: country
Tag: movement_cost, Categories: province
Tag: army_movement_speed, Categories: province
Tag: navy_movement_speed, Categories: province
Tag: movement_speed_if_no_road, Categories: province
Tag: local_state_trade_routes, Categories: state
Tag: global_capital_trade_routes, Categories: country
Tag: global_state_trade_routes, Categories: country
Tag: research_points, Categories: country
Tag: research_points_modifier, Categories: country
Tag: local_research_points_modifier, Categories: province
Tag: omen_power, Categories: country
Tag: omen_duration, Categories: country
Tag: discipline, Categories: country
Tag: local_defensive, Categories: province
Tag: global_defensive, Categories: country
Tag: commerce_value, Categories: country
Tag: local_commerce_value_modifier, Categories: country
Tag: global_commerce_modifier, Categories: country
Tag: global_export_commerce_modifier, Categories: country
Tag: global_import_commerce_modifier, Categories: country
Tag: state_commerce_modifier, Categories: country
Tag: tribute_income_modifier, Categories: country
Tag: ruler_popularity_gain, Categories: country
Tag: max_loyalty, Categories: country
Tag: integrate_speed, Categories: country
Tag: fabricate_claim_speed, Categories: country
Tag: monthly_wage_for_character, Categories: character
Tag: monthly_wage_modifier, Categories: country
Tag: monthly_wage_on_character_modifier, Categories: character
Tag: monthly_governor_wage, Categories: country
Tag: monthly_local_governor_wage, Categories: country
Tag: monthly_character_loyalty, Categories: country
Tag: monthly_character_popularity, Categories: country
Tag: monthly_character_popularity_decay, Categories: country
Tag: monthly_character_prominence, Categories: country
Tag: monthly_character_fam_prestige, Categories: country
Tag: cohort_reinforcement_speed, Categories: country
Tag: land_morale_recovery, Categories: country
Tag: naval_morale_recovery, Categories: country
Tag: siege_ability, Categories: country
Tag: assault_ability, Categories: country
Tag: siege_engineers, Categories: country
Tag: diplomatic_reputation, Categories: country
Tag: diplomatic_relations, Categories: country
Tag: max_rivals, Categories: country
Tag: max_friends, Categories: country
Tag: current_corruption, Categories: character
Tag: monthly_corruption, Categories: country
Tag: subject_opinions, Categories: country
Tag: subject_loyalty, Categories: country
Tag: loyalty_to_overlord, Categories: country
Tag: fort_maintenance_cost, Categories: country
Tag: army_maintenance_cost, Categories: country
Tag: navy_maintenance_cost, Categories: country
Tag: mercenary_land_maintenance_cost, Categories: country
Tag: mercenary_naval_maintenance_cost, Categories: country
Tag: country_civilization_value, Categories: country
Tag: local_country_civilization_value, Categories: country
Tag: local_monthly_civilization, Categories: province
Tag: global_monthly_civilization, Categories: country
Tag: global_start_experience, Categories: country
Tag: local_start_experience, Categories: province
Tag: global_cohort_start_experience, Categories: country
Tag: local_cohort_start_experience, Categories: province
Tag: global_ship_start_experience, Categories: country
Tag: local_ship_start_experience, Categories: province
Tag: experience_decay, Categories: country
Tag: monthly_experience_gain, Categories: country
Tag: martial, Categories: character
Tag: finesse, Categories: character
Tag: charisma, Categories: character
Tag: zeal, Categories: character
Tag: fertility, Categories: character
Tag: health, Categories: character
Tag: barbarian_growth, Categories: country
Tag: barbarian_spawn_chance, Categories: country
Tag: loyalty_gain_chance, Categories: country
Tag: loyalty_gain_chance_modifier, Categories: country
Tag: prominence, Categories: character
Tag: senate_influence, Categories: country
Tag: monthly_tyranny, Categories: country
Tag: monthly_political_influence, Categories: country
Tag: monthly_political_influence_modifier, Categories: country
Tag: retreat_delay, Categories: country
Tag: improve_relation_impact, Categories: country
Tag: hostile_attrition, Categories: country
Tag: local_hostile_attrition, Categories: province
Tag: election_term_duration, Categories: country
Tag: ship_repair_at_sea, Categories: country
Tag: war_score_cost, Categories: country
Tag: monthly_general_loyalty, Categories: country
Tag: monthly_admiral_loyalty, Categories: country
Tag: monthly_governor_loyalty, Categories: country
Tag: monthly_paid_character_loyalty, Categories: country
Tag: base_resources, Categories: province
Tag: local_goods_from_slaves, Categories: province
Tag: global_goods_from_slaves, Categories: country
Tag: disallow_job, Categories: character
Tag: disallow_office, Categories: character
Tag: disallow_command, Categories: character
Tag: show_3d_fort, Categories: character
Tag: control_range_modifier, Categories: character
Tag: diplomatic_range_modifier, Categories: character
Tag: monthly_character_wealth, Categories: character
Tag: primary_heir_attraction, Categories: character
Tag: support_for_character_as_heir, Categories: character
Tag: next_ruler_legitimacy, Categories: character
Tag: num_of_clan_chiefs, Categories: character
Tag: clan_retinue_size, Categories: character
Tag: enslavement_efficiency, Categories: character
Tag: local_output_modifier, Categories: character
Tag: holdings_possible_for_character, Categories: character
Tag: available_holdings, Categories: character
Tag: holding_income_modifier, Categories: character
Tag: stability_monthly_change, Categories: country
Tag: stability_monthly_decay, Categories: country
Tag: power_base, Categories: country
Tag: civil_war_threshold, Categories: country
Tag: rebellion_threshold, Categories: country
Tag: ship_capture_chance, Categories: country
Tag: naval_damage_done, Categories: country
Tag: naval_damage_taken, Categories: country
Tag: ship_cost, Categories: country
Tag: cohort_cost, Categories: country
Tag: pirate_haven, Categories: province
Tag: pirate_plunder, Categories: province
Tag: anti_piracy_cb, Categories: country
Tag: naval_range, Categories: country
Tag: monthly_military_experience, Categories: country
Tag: monthly_military_experience_modifier, Categories: country
Tag: local_pop_promotion_speed, Categories: province
Tag: global_pop_promotion_speed, Categories: province
Tag: local_pop_promotion_speed_modifier, Categories: province
Tag: global_pop_promotion_speed_modifier, Categories: province
Tag: local_pop_demotion_speed, Categories: province
Tag: global_pop_demotion_speed, Categories: province
Tag: local_pop_demotion_speed_modifier, Categories: province
Tag: global_pop_demotion_speed_modifier, Categories: province
Tag: local_migration_attraction, Categories: province
Tag: local_migration_speed, Categories: province
Tag: global_migration_speed, Categories: province
Tag: local_migration_speed_modifier, Categories: province
Tag: global_migration_speed_modifier, Categories: province
Tag: local_pop_conversion_speed, Categories: province
Tag: global_pop_conversion_speed, Categories: province
Tag: local_pop_conversion_speed_modifier, Categories: province
Tag: global_pop_conversion_speed_modifier, Categories: province
Tag: local_pop_assimilation_speed, Categories: province
Tag: global_pop_assimilation_speed, Categories: province
Tag: local_pop_assimilation_speed_modifier, Categories: province
Tag: global_pop_assimilation_speed_modifier, Categories: province
Tag: monthly_clan_chief_loyalty, Categories: country
Tag: local_monthly_food, Categories: province
Tag: global_monthly_food_modifier, Categories: country
Tag: global_food_capacity, Categories: country
Tag: local_food_capacity, Categories: province
Tag: local_monthly_food_modifier, Categories: province
Tag: local_hostile_food_multiplier, Categories: province
Tag: pop_food_consumption, Categories: province
Tag: monthly_character_experience, Categories: character
Tag: monthly_character_experience_decay, Categories: character
Tag: local_citizen_output, Categories: province
Tag: global_citizen_output, Categories: country
Tag: local_citizen_happyness, Categories: province
Tag: global_citizen_happyness, Categories: country
Tag: local_citizen_desired_pop_ratio, Categories: province
Tag: global_citizen_desired_pop_ratio, Categories: country
Tag: global_citizen_city_desired_pop_ratio, Categories: province
Tag: local_freemen_output, Categories: province
Tag: global_freemen_output, Categories: country
Tag: local_freemen_happyness, Categories: province
Tag: global_freemen_happyness, Categories: country
Tag: local_freemen_desired_pop_ratio, Categories: province
Tag: global_freemen_desired_pop_ratio, Categories: country
Tag: global_freemen_city_desired_pop_ratio, Categories: province
Tag: local_slaves_output, Categories: province
Tag: global_slaves_output, Categories: country
Tag: local_slaves_happyness, Categories: province
Tag: global_slaves_happyness, Categories: country
Tag: local_slaves_desired_pop_ratio, Categories: province
Tag: global_slaves_desired_pop_ratio, Categories: country
Tag: global_slaves_city_desired_pop_ratio, Categories: province
Tag: local_tribesmen_output, Categories: province
Tag: global_tribesmen_output, Categories: country
Tag: local_tribesmen_happyness, Categories: province
Tag: global_tribesmen_happyness, Categories: country
Tag: local_tribesmen_desired_pop_ratio, Categories: province
Tag: global_tribesmen_desired_pop_ratio, Categories: country
Tag: global_tribesmen_city_desired_pop_ratio, Categories: province
Tag: appoint_dictator_cost_modifier, Categories: country
Tag: hold_triumph_cost_modifier, Categories: country
Tag: hold_games_price_cost_modifier, Categories: country
Tag: smear_character_cost_modifier, Categories: country
Tag: assassinate_attempt_cost_modifier, Categories: country
Tag: inspire_disloyalty_cost_modifier, Categories: country
Tag: build_roads_cost_modifier, Categories: country
Tag: build_expensive_roads_cost_modifier, Categories: country
Tag: raid_cost_modifier, Categories: country
Tag: citizen_move_cost_modifier, Categories: country
Tag: freemen_move_cost_modifier, Categories: country
Tag: tribesmen_move_cost_modifier, Categories: country
Tag: slaves_move_cost_modifier, Categories: country
Tag: desecrate_cost_modifier, Categories: country
Tag: build_border_fort_cost_modifier, Categories: country
Tag: create_military_colony_cost_modifier, Categories: country
Tag: raise_levies_cost_modifier, Categories: country
Tag: recruit_character_cost_modifier, Categories: country
Tag: recruit_general_cost_modifier, Categories: country
Tag: secude_governor_cost_modifier, Categories: country
Tag: price_imprison_cost_modifier, Categories: country
Tag: price_execute_cost_modifier, Categories: country
Tag: price_sacrifice_cost_modifier, Categories: country
Tag: subject_pays_tributary_cost_modifier, Categories: country
Tag: subject_pays_feudatory_cost_modifier, Categories: country
Tag: subject_pays_vassal_cost_modifier, Categories: country
Tag: subject_pays_satrapy_cost_modifier, Categories: country
Tag: subject_client_state_pays_cost_modifier, Categories: country
Tag: subject_colony_pays_cost_modifier, Categories: country
Tag: price_convert_religion_cost_modifier, Categories: country
Tag: price_propose_marriage_cost_modifier, Categories: country
Tag: price_support_primary_heir_cost_modifier, Categories: country
Tag: price_grant_laurels_cost_modifier, Categories: country
Tag: price_tutor_heir_cost_modifier, Categories: country
Tag: price_stipends_cost_modifier, Categories: country
Tag: price_arena_match_cost_modifier, Categories: country
Tag: price_reward_veterans_cost_modifier, Categories: country
Tag: price_civic_party_action_cost_modifier, Categories: country
Tag: price_military_party_action_cost_modifier, Categories: country
Tag: price_mercantile_party_action_cost_modifier, Categories: country
Tag: price_religious_party_action_cost_modifier, Categories: country
Tag: price_populist_party_action_cost_modifier, Categories: country
Tag: price_state_investment_military_cost_modifier, Categories: country
Tag: price_state_investment_civic_cost_modifier, Categories: country
Tag: price_state_investment_oratory_cost_modifier, Categories: country
Tag: price_state_investment_religious_cost_modifier, Categories: country
Tag: price_oaths_of_allegiance_button_cost_modifier, Categories: country
Tag: price_patron_of_arts_button_cost_modifier, Categories: country
Tag: price_assemble_raiding_party_button_cost_modifier, Categories: country
Tag: price_bring_to_trial_cost_modifier, Categories: country
Tag: price_root_out_pirates_cost_modifier, Categories: country
Tag: price_anabasis_cost_modifier, Categories: country
Tag: price_local_civ_button_cost_modifier, Categories: country
Tag: price_scheme_abort_cost_modifier, Categories: country
Tag: price_found_city_cost_modifier, Categories: country
Tag: price_found_metropolis_cost_modifier, Categories: country
Tag: price_revoke_city_status_cost_modifier, Categories: country
Tag: price_revoke_metropolis_status_cost_modifier, Categories: country
Tag: stability_cost_modifier, Categories: country
Tag: enact_law_cost_modifier, Categories: country
Tag: buy_invention_cost_modifier, Categories: country
Tag: buy_idea_cost_modifier, Categories: country
Tag: call_omen_cost_modifier, Categories: country
Tag: fabricate_claim_cost_modifier, Categories: country
Tag: support_rebels_cost_modifier, Categories: country
Tag: endorse_party_cost_modifier, Categories: country
Tag: create_trade_route_cost_modifier, Categories: country
Tag: send_gift_cost_modifier, Categories: country
Tag: improve_relation_cost_modifier, Categories: country
Tag: insult_cost_modifier, Categories: country
Tag: inspire_devotio_cost_modifier, Categories: country
Tag: recruit_mercenary_cost_modifier, Categories: country
Tag: start_migration_cost_modifier, Categories: country
Tag: buy_military_tradition_cost_modifier, Categories: country
Tag: change_governor_policy_cost_modifier, Categories: country
Tag: increase_legitimacy_cost_modifier, Categories: country
Tag: change_diplomatic_stance_cost_modifier, Categories: country
Tag: force_through_senate_cost_modifier, Categories: country
Tag: monarchy_new_ruler_cost_modifier, Categories: country
Tag: tribe_new_ruler_cost_modifier, Categories: country
Tag: same_party_re_elected_cost_modifier, Categories: country
Tag: new_ruling_party_cost_modifier, Categories: country
Tag: war_breaking_truce_cost_modifier, Categories: country
Tag: war_breaking_truce_with_guarantor_cost_modifier, Categories: country
Tag: war_great_relations_cost_modifier, Categories: country
Tag: war_good_relations_cost_modifier, Categories: country
Tag: war_when_military_acces_cost_modifier, Categories: country
Tag: war_no_cb_cost_modifier, Categories: country
Tag: war_on_subject_cost_modifier, Categories: country
Tag: archers_discipline, Categories: country
Tag: archers_morale, Categories: country
Tag: archers_offensive, Categories: country
Tag: archers_defensive, Categories: country
Tag: archers_cost, Categories: country
Tag: archers_maintenance_cost, Categories: country
Tag: archers_movement_speed, Categories: country
Tag: camels_discipline, Categories: country
Tag: camels_morale, Categories: country
Tag: camels_offensive, Categories: country
Tag: camels_defensive, Categories: country
Tag: camels_cost, Categories: country
Tag: camels_maintenance_cost, Categories: country
Tag: camels_movement_speed, Categories: country
Tag: chariots_discipline, Categories: country
Tag: chariots_morale, Categories: country
Tag: chariots_offensive, Categories: country
Tag: chariots_defensive, Categories: country
Tag: chariots_cost, Categories: country
Tag: chariots_maintenance_cost, Categories: country
Tag: chariots_movement_speed, Categories: country
Tag: heavy_cavalry_discipline, Categories: country
Tag: heavy_cavalry_morale, Categories: country
Tag: heavy_cavalry_offensive, Categories: country
Tag: heavy_cavalry_defensive, Categories: country
Tag: heavy_cavalry_cost, Categories: country
Tag: heavy_cavalry_maintenance_cost, Categories: country
Tag: heavy_cavalry_movement_speed, Categories: country
Tag: heavy_infantry_discipline, Categories: country
Tag: heavy_infantry_morale, Categories: country
Tag: heavy_infantry_offensive, Categories: country
Tag: heavy_infantry_defensive, Categories: country
Tag: heavy_infantry_cost, Categories: country
Tag: heavy_infantry_maintenance_cost, Categories: country
Tag: heavy_infantry_movement_speed, Categories: country
Tag: horse_archers_discipline, Categories: country
Tag: horse_archers_morale, Categories: country
Tag: horse_archers_offensive, Categories: country
Tag: horse_archers_defensive, Categories: country
Tag: horse_archers_cost, Categories: country
Tag: horse_archers_maintenance_cost, Categories: country
Tag: horse_archers_movement_speed, Categories: country
Tag: light_cavalry_discipline, Categories: country
Tag: light_cavalry_morale, Categories: country
Tag: light_cavalry_offensive, Categories: country
Tag: light_cavalry_defensive, Categories: country
Tag: light_cavalry_cost, Categories: country
Tag: light_cavalry_maintenance_cost, Categories: country
Tag: light_cavalry_movement_speed, Categories: country
Tag: light_infantry_discipline, Categories: country
Tag: light_infantry_morale, Categories: country
Tag: light_infantry_offensive, Categories: country
Tag: light_infantry_defensive, Categories: country
Tag: light_infantry_cost, Categories: country
Tag: light_infantry_maintenance_cost, Categories: country
Tag: light_infantry_movement_speed, Categories: country
Tag: supply_train_discipline, Categories: country
Tag: supply_train_morale, Categories: country
Tag: supply_train_offensive, Categories: country
Tag: supply_train_defensive, Categories: country
Tag: supply_train_cost, Categories: country
Tag: supply_train_maintenance_cost, Categories: country
Tag: supply_train_movement_speed, Categories: country
Tag: warelephant_discipline, Categories: country
Tag: warelephant_morale, Categories: country
Tag: warelephant_offensive, Categories: country
Tag: warelephant_defensive, Categories: country
Tag: warelephant_cost, Categories: country
Tag: warelephant_maintenance_cost, Categories: country
Tag: warelephant_movement_speed, Categories: country
Tag: liburnian_discipline, Categories: country
Tag: liburnian_morale, Categories: country
Tag: liburnian_offensive, Categories: country
Tag: liburnian_defensive, Categories: country
Tag: liburnian_cost, Categories: country
Tag: liburnian_maintenance_cost, Categories: country
Tag: liburnian_movement_speed, Categories: country
Tag: trireme_discipline, Categories: country
Tag: trireme_morale, Categories: country
Tag: trireme_offensive, Categories: country
Tag: trireme_defensive, Categories: country
Tag: trireme_cost, Categories: country
Tag: trireme_maintenance_cost, Categories: country
Tag: trireme_movement_speed, Categories: country
Tag: tetrere_discipline, Categories: country
Tag: tetrere_morale, Categories: country
Tag: tetrere_offensive, Categories: country
Tag: tetrere_defensive, Categories: country
Tag: tetrere_cost, Categories: country
Tag: tetrere_maintenance_cost, Categories: country
Tag: tetrere_movement_speed, Categories: country
Tag: hexere_discipline, Categories: country
Tag: hexere_morale, Categories: country
Tag: hexere_offensive, Categories: country
Tag: hexere_defensive, Categories: country
Tag: hexere_cost, Categories: country
Tag: hexere_maintenance_cost, Categories: country
Tag: hexere_movement_speed, Categories: country
Tag: octere_discipline, Categories: country
Tag: octere_morale, Categories: country
Tag: octere_offensive, Categories: country
Tag: octere_defensive, Categories: country
Tag: octere_cost, Categories: country
Tag: octere_maintenance_cost, Categories: country
Tag: octere_movement_speed, Categories: country
Tag: mega_galley_discipline, Categories: country
Tag: mega_galley_morale, Categories: country
Tag: mega_galley_offensive, Categories: country
Tag: mega_galley_defensive, Categories: country
Tag: mega_galley_cost, Categories: country
Tag: mega_galley_maintenance_cost, Categories: country
Tag: mega_galley_movement_speed, Categories: country
Tag: archers_plains_combat_bonus, Categories: country
Tag: camels_plains_combat_bonus, Categories: country
Tag: chariots_plains_combat_bonus, Categories: country
Tag: heavy_cavalry_plains_combat_bonus, Categories: country
Tag: heavy_infantry_plains_combat_bonus, Categories: country
Tag: horse_archers_plains_combat_bonus, Categories: country
Tag: light_cavalry_plains_combat_bonus, Categories: country
Tag: light_infantry_plains_combat_bonus, Categories: country
Tag: supply_train_plains_combat_bonus, Categories: country
Tag: warelephant_plains_combat_bonus, Categories: country
Tag: liburnian_plains_combat_bonus, Categories: country
Tag: trireme_plains_combat_bonus, Categories: country
Tag: tetrere_plains_combat_bonus, Categories: country
Tag: hexere_plains_combat_bonus, Categories: country
Tag: octere_plains_combat_bonus, Categories: country
Tag: mega_galley_plains_combat_bonus, Categories: country
Tag: archers_mountain_combat_bonus, Categories: country
Tag: camels_mountain_combat_bonus, Categories: country
Tag: chariots_mountain_combat_bonus, Categories: country
Tag: heavy_cavalry_mountain_combat_bonus, Categories: country
Tag: heavy_infantry_mountain_combat_bonus, Categories: country
Tag: horse_archers_mountain_combat_bonus, Categories: country
Tag: light_cavalry_mountain_combat_bonus, Categories: country
Tag: light_infantry_mountain_combat_bonus, Categories: country
Tag: supply_train_mountain_combat_bonus, Categories: country
Tag: warelephant_mountain_combat_bonus, Categories: country
Tag: liburnian_mountain_combat_bonus, Categories: country
Tag: trireme_mountain_combat_bonus, Categories: country
Tag: tetrere_mountain_combat_bonus, Categories: country
Tag: hexere_mountain_combat_bonus, Categories: country
Tag: octere_mountain_combat_bonus, Categories: country
Tag: mega_galley_mountain_combat_bonus, Categories: country
Tag: archers_hills_combat_bonus, Categories: country
Tag: camels_hills_combat_bonus, Categories: country
Tag: chariots_hills_combat_bonus, Categories: country
Tag: heavy_cavalry_hills_combat_bonus, Categories: country
Tag: heavy_infantry_hills_combat_bonus, Categories: country
Tag: horse_archers_hills_combat_bonus, Categories: country
Tag: light_cavalry_hills_combat_bonus, Categories: country
Tag: light_infantry_hills_combat_bonus, Categories: country
Tag: supply_train_hills_combat_bonus, Categories: country
Tag: warelephant_hills_combat_bonus, Categories: country
Tag: liburnian_hills_combat_bonus, Categories: country
Tag: trireme_hills_combat_bonus, Categories: country
Tag: tetrere_hills_combat_bonus, Categories: country
Tag: hexere_hills_combat_bonus, Categories: country
Tag: octere_hills_combat_bonus, Categories: country
Tag: mega_galley_hills_combat_bonus, Categories: country
Tag: archers_desert_combat_bonus, Categories: country
Tag: camels_desert_combat_bonus, Categories: country
Tag: chariots_desert_combat_bonus, Categories: country
Tag: heavy_cavalry_desert_combat_bonus, Categories: country
Tag: heavy_infantry_desert_combat_bonus, Categories: country
Tag: horse_archers_desert_combat_bonus, Categories: country
Tag: light_cavalry_desert_combat_bonus, Categories: country
Tag: light_infantry_desert_combat_bonus, Categories: country
Tag: supply_train_desert_combat_bonus, Categories: country
Tag: warelephant_desert_combat_bonus, Categories: country
Tag: liburnian_desert_combat_bonus, Categories: country
Tag: trireme_desert_combat_bonus, Categories: country
Tag: tetrere_desert_combat_bonus, Categories: country
Tag: hexere_desert_combat_bonus, Categories: country
Tag: octere_desert_combat_bonus, Categories: country
Tag: mega_galley_desert_combat_bonus, Categories: country
Tag: archers_marsh_combat_bonus, Categories: country
Tag: camels_marsh_combat_bonus, Categories: country
Tag: chariots_marsh_combat_bonus, Categories: country
Tag: heavy_cavalry_marsh_combat_bonus, Categories: country
Tag: heavy_infantry_marsh_combat_bonus, Categories: country
Tag: horse_archers_marsh_combat_bonus, Categories: country
Tag: light_cavalry_marsh_combat_bonus, Categories: country
Tag: light_infantry_marsh_combat_bonus, Categories: country
Tag: supply_train_marsh_combat_bonus, Categories: country
Tag: warelephant_marsh_combat_bonus, Categories: country
Tag: liburnian_marsh_combat_bonus, Categories: country
Tag: trireme_marsh_combat_bonus, Categories: country
Tag: tetrere_marsh_combat_bonus, Categories: country
Tag: hexere_marsh_combat_bonus, Categories: country
Tag: octere_marsh_combat_bonus, Categories: country
Tag: mega_galley_marsh_combat_bonus, Categories: country
Tag: archers_jungle_combat_bonus, Categories: country
Tag: camels_jungle_combat_bonus, Categories: country
Tag: chariots_jungle_combat_bonus, Categories: country
Tag: heavy_cavalry_jungle_combat_bonus, Categories: country
Tag: heavy_infantry_jungle_combat_bonus, Categories: country
Tag: horse_archers_jungle_combat_bonus, Categories: country
Tag: light_cavalry_jungle_combat_bonus, Categories: country
Tag: light_infantry_jungle_combat_bonus, Categories: country
Tag: supply_train_jungle_combat_bonus, Categories: country
Tag: warelephant_jungle_combat_bonus, Categories: country
Tag: liburnian_jungle_combat_bonus, Categories: country
Tag: trireme_jungle_combat_bonus, Categories: country
Tag: tetrere_jungle_combat_bonus, Categories: country
Tag: hexere_jungle_combat_bonus, Categories: country
Tag: octere_jungle_combat_bonus, Categories: country
Tag: mega_galley_jungle_combat_bonus, Categories: country
Tag: archers_farmland_combat_bonus, Categories: country
Tag: camels_farmland_combat_bonus, Categories: country
Tag: chariots_farmland_combat_bonus, Categories: country
Tag: heavy_cavalry_farmland_combat_bonus, Categories: country
Tag: heavy_infantry_farmland_combat_bonus, Categories: country
Tag: horse_archers_farmland_combat_bonus, Categories: country
Tag: light_cavalry_farmland_combat_bonus, Categories: country
Tag: light_infantry_farmland_combat_bonus, Categories: country
Tag: supply_train_farmland_combat_bonus, Categories: country
Tag: warelephant_farmland_combat_bonus, Categories: country
Tag: liburnian_farmland_combat_bonus, Categories: country
Tag: trireme_farmland_combat_bonus, Categories: country
Tag: tetrere_farmland_combat_bonus, Categories: country
Tag: hexere_farmland_combat_bonus, Categories: country
Tag: octere_farmland_combat_bonus, Categories: country
Tag: mega_galley_farmland_combat_bonus, Categories: country
Tag: archers_forest_combat_bonus, Categories: country
Tag: camels_forest_combat_bonus, Categories: country
Tag: chariots_forest_combat_bonus, Categories: country
Tag: heavy_cavalry_forest_combat_bonus, Categories: country
Tag: heavy_infantry_forest_combat_bonus, Categories: country
Tag: horse_archers_forest_combat_bonus, Categories: country
Tag: light_cavalry_forest_combat_bonus, Categories: country
Tag: light_infantry_forest_combat_bonus, Categories: country
Tag: supply_train_forest_combat_bonus, Categories: country
Tag: warelephant_forest_combat_bonus, Categories: country
Tag: liburnian_forest_combat_bonus, Categories: country
Tag: trireme_forest_combat_bonus, Categories: country
Tag: tetrere_forest_combat_bonus, Categories: country
Tag: hexere_forest_combat_bonus, Categories: country
Tag: octere_forest_combat_bonus, Categories: country
Tag: mega_galley_forest_combat_bonus, Categories: country
Tag: archers_ocean_combat_bonus, Categories: country
Tag: camels_ocean_combat_bonus, Categories: country
Tag: chariots_ocean_combat_bonus, Categories: country
Tag: heavy_cavalry_ocean_combat_bonus, Categories: country
Tag: heavy_infantry_ocean_combat_bonus, Categories: country
Tag: horse_archers_ocean_combat_bonus, Categories: country
Tag: light_cavalry_ocean_combat_bonus, Categories: country
Tag: light_infantry_ocean_combat_bonus, Categories: country
Tag: supply_train_ocean_combat_bonus, Categories: country
Tag: warelephant_ocean_combat_bonus, Categories: country
Tag: liburnian_ocean_combat_bonus, Categories: country
Tag: trireme_ocean_combat_bonus, Categories: country
Tag: tetrere_ocean_combat_bonus, Categories: country
Tag: hexere_ocean_combat_bonus, Categories: country
Tag: octere_ocean_combat_bonus, Categories: country
Tag: mega_galley_ocean_combat_bonus, Categories: country
Tag: archers_coastal_terrain_combat_bonus, Categories: country
Tag: camels_coastal_terrain_combat_bonus, Categories: country
Tag: chariots_coastal_terrain_combat_bonus, Categories: country
Tag: heavy_cavalry_coastal_terrain_combat_bonus, Categories: country
Tag: heavy_infantry_coastal_terrain_combat_bonus, Categories: country
Tag: horse_archers_coastal_terrain_combat_bonus, Categories: country
Tag: light_cavalry_coastal_terrain_combat_bonus, Categories: country
Tag: light_infantry_coastal_terrain_combat_bonus, Categories: country
Tag: supply_train_coastal_terrain_combat_bonus, Categories: country
Tag: warelephant_coastal_terrain_combat_bonus, Categories: country
Tag: liburnian_coastal_terrain_combat_bonus, Categories: country
Tag: trireme_coastal_terrain_combat_bonus, Categories: country
Tag: tetrere_coastal_terrain_combat_bonus, Categories: country
Tag: hexere_coastal_terrain_combat_bonus, Categories: country
Tag: octere_coastal_terrain_combat_bonus, Categories: country
Tag: mega_galley_coastal_terrain_combat_bonus, Categories: country
Tag: archers_riverine_terrain_combat_bonus, Categories: country
Tag: camels_riverine_terrain_combat_bonus, Categories: country
Tag: chariots_riverine_terrain_combat_bonus, Categories: country
Tag: heavy_cavalry_riverine_terrain_combat_bonus, Categories: country
Tag: heavy_infantry_riverine_terrain_combat_bonus, Categories: country
Tag: horse_archers_riverine_terrain_combat_bonus, Categories: country
Tag: light_cavalry_riverine_terrain_combat_bonus, Categories: country
Tag: light_infantry_riverine_terrain_combat_bonus, Categories: country
Tag: supply_train_riverine_terrain_combat_bonus, Categories: country
Tag: warelephant_riverine_terrain_combat_bonus, Categories: country
Tag: liburnian_riverine_terrain_combat_bonus, Categories: country
Tag: trireme_riverine_terrain_combat_bonus, Categories: country
Tag: tetrere_riverine_terrain_combat_bonus, Categories: country
Tag: hexere_riverine_terrain_combat_bonus, Categories: country
Tag: octere_riverine_terrain_combat_bonus, Categories: country
Tag: mega_galley_riverine_terrain_combat_bonus, Categories: country
Tag: monthly_civic_party_conviction, Categories: character
Tag: civic_party_influence, Categories: country
Tag: monthly_military_party_conviction, Categories: character
Tag: military_party_influence, Categories: country
Tag: monthly_mercantile_party_conviction, Categories: character
Tag: mercantile_party_influence, Categories: country
Tag: monthly_religious_party_conviction, Categories: character
Tag: religious_party_influence, Categories: country
Tag: monthly_populist_party_conviction, Categories: character
Tag: populist_party_influence, Categories: country
Tag: military_tech_investment, Categories: country
Tag: monthly_military_tech_loyalty, Categories: country
Tag: civic_tech_investment, Categories: country
Tag: monthly_civic_tech_loyalty, Categories: country
Tag: oratory_tech_investment, Categories: country
Tag: monthly_oratory_tech_loyalty, Categories: country
Tag: religious_tech_investment, Categories: country
Tag: monthly_religious_tech_loyalty, Categories: country
Tag: military_building_cost, Categories: country
Tag: fortress_building_cost, Categories: country
Tag: barracks_building_cost, Categories: country
Tag: foundry_building_cost, Categories: country
Tag: commerce_building_cost, Categories: country
Tag: town_hall_building_cost, Categories: country
Tag: court_building_cost, Categories: country
Tag: academy_building_cost, Categories: country
Tag: population_building_cost, Categories: country
Tag: library_building_cost, Categories: country
Tag: forum_building_cost, Categories: country
Tag: workshop_building_cost, Categories: country
Tag: temple_building_cost, Categories: country
Tag: theathre_building_cost, Categories: country
Tag: aqueduct_building_cost, Categories: country
Tag: latifundia_building_cost, Categories: country
Tag: slave_mine_building_cost, Categories: country
Tag: basic_settlement_infratructure_building_cost, Categories: country
Tag: hill_fort_cost, Categories: country
Tag: local_forum_building_cost, Categories: country
Tag: monthly_office_foreign_minister_loyalty, Categories: country
Tag: monthly_office_royal_tutor_loyalty, Categories: country
Tag: monthly_office_marshal_loyalty, Categories: country
Tag: monthly_office_master_of_the_guard_loyalty, Categories: country
Tag: monthly_office_high_priest_monarchy_loyalty, Categories: country
Tag: monthly_office_philosopher_loyalty, Categories: country
Tag: monthly_office_steward_loyalty, Categories: country
Tag: monthly_office_physician_loyalty, Categories: country
Tag: monthly_office_censor_loyalty, Categories: country
Tag: monthly_office_praetor_loyalty, Categories: country
Tag: monthly_office_tribune_of_the_soldiers_loyalty, Categories: country
Tag: monthly_office_tribune_of_the_treasury_loyalty, Categories: country
Tag: monthly_office_augur_loyalty, Categories: country
Tag: monthly_office_pontifex_loyalty, Categories: country
Tag: monthly_office_plebeian_aedile_loyalty, Categories: country
Tag: monthly_office_republic_physician_loyalty, Categories: country
Tag: monthly_office_arbitrator_loyalty, Categories: country
Tag: monthly_office_elder_loyalty, Categories: country
Tag: monthly_office_warchief_loyalty, Categories: country
Tag: monthly_office_bodyguard_loyalty, Categories: country
Tag: monthly_office_high_priest_loyalty, Categories: country
Tag: monthly_office_wise_person_loyalty, Categories: country
Tag: monthly_office_magistrate_loyalty, Categories: country
Tag: monthly_office_apothecary_loyalty, Categories: country
